<?xml version="1.0" encoding="UTF-8"?>
<!-- Generated by org.testng.reporters.JUnitXMLReporter -->
<testsuite hostname="CBT-MH-006" ignored="4" name="Default test" tests="4" failures="0" timestamp="31 Oct 2019 10:50:09 GMT" time="196.535" errors="0">
  <testcase name="CheckHomePage" time="28.718" classname="TestPackage.ValidateSignUpPage"/>
  <testcase name="CheckCarSearch" time="45.021" classname="TestPackage.ValidateCarSearch"/>
  <testcase name="BookAsGuest" time="30.878" classname="TestPackage.ValidateCarBookingAsGuest"/>
  <testcase name="CheckHomePage" time="21.597" classname="TestPackage.ValidateLoginPage"/>
  <testcase name="@BeforeSuite bsuite" time="0.0" classname="resources.base">
    <ignored/>
  </testcase> <!-- @BeforeSuite bsuite -->
  <testcase name="@BeforeSuite bsuite" time="0.0" classname="resources.base">
    <ignored/>
  </testcase> <!-- @BeforeSuite bsuite -->
  <testcase name="@BeforeSuite bsuite" time="0.0" classname="resources.base">
    <ignored/>
  </testcase> <!-- @BeforeSuite bsuite -->
  <testcase name="@BeforeSuite bsuite" time="0.0" classname="resources.base">
    <ignored/>
  </testcase> <!-- @BeforeSuite bsuite -->
</testsuite> <!-- Default test -->
