<?xml version="1.0" encoding="UTF-8"?>
<testng-results skipped="0" failed="1" total="1" passed="0">
  <reporter-output>
  </reporter-output>
  <suite name="Default suite" duration-ms="63" started-at="2019-10-12T05:10:02Z" finished-at="2019-10-12T05:10:02Z">
    <groups>
    </groups>
    <test name="Default test" duration-ms="63" started-at="2019-10-12T05:10:02Z" finished-at="2019-10-12T05:10:02Z">
      <class name="TestPackage.Hotel_Search">
        <test-method status="FAIL" signature="HotelSearch()[pri:0, instance:TestPackage.Hotel_Search@7c30a502]" name="HotelSearch" duration-ms="15" started-at="2019-10-12T10:40:02Z" finished-at="2019-10-12T10:40:02Z">
          <exception class="java.lang.IllegalAccessException">
            <message>
              <![CDATA[Class org.testng.internal.MethodInvocationHelper can not access a member of class TestPackage.Hotel_Search with modifiers "public"]]>
            </message>
            <full-stacktrace>
              <![CDATA[java.lang.IllegalAccessException: Class org.testng.internal.MethodInvocationHelper can not access a member of class TestPackage.Hotel_Search with modifiers "public"
	at sun.reflect.Reflection.ensureMemberAccess(Reflection.java:102)
	at java.lang.reflect.AccessibleObject.slowCheckMemberAccess(AccessibleObject.java:296)
	at java.lang.reflect.AccessibleObject.checkAccess(AccessibleObject.java:288)
	at java.lang.reflect.Method.invoke(Method.java:491)
	at org.testng.internal.MethodInvocationHelper.invokeMethod(MethodInvocationHelper.java:86)
	at org.testng.internal.Invoker.invokeMethod(Invoker.java:645)
	at org.testng.internal.Invoker.invokeTestMethod(Invoker.java:822)
	at org.testng.internal.Invoker.invokeTestMethods(Invoker.java:1130)
	at org.testng.internal.TestMethodWorker.invokeTestMethods(TestMethodWorker.java:129)
	at org.testng.internal.TestMethodWorker.run(TestMethodWorker.java:112)
	at org.testng.TestRunner.privateRun(TestRunner.java:782)
	at org.testng.TestRunner.run(TestRunner.java:632)
	at org.testng.SuiteRunner.runTest(SuiteRunner.java:366)
	at org.testng.SuiteRunner.runSequentially(SuiteRunner.java:361)
	at org.testng.SuiteRunner.privateRun(SuiteRunner.java:319)
	at org.testng.SuiteRunner.run(SuiteRunner.java:268)
	at org.testng.SuiteRunnerWorker.runSuite(SuiteRunnerWorker.java:52)
	at org.testng.SuiteRunnerWorker.run(SuiteRunnerWorker.java:86)
	at org.testng.TestNG.runSuitesSequentially(TestNG.java:1244)
	at org.testng.TestNG.runSuitesLocally(TestNG.java:1169)
	at org.testng.TestNG.run(TestNG.java:1064)
	at org.testng.remote.RemoteTestNG.run(RemoteTestNG.java:113)
	at org.testng.remote.RemoteTestNG.initAndRun(RemoteTestNG.java:206)
	at org.testng.remote.RemoteTestNG.main(RemoteTestNG.java:177)
]]>
            </full-stacktrace>
          </exception> <!-- java.lang.IllegalAccessException -->
          <reporter-output>
          </reporter-output>
        </test-method> <!-- HotelSearch -->
      </class> <!-- TestPackage.Hotel_Search -->
    </test> <!-- Default test -->
  </suite> <!-- Default suite -->
</testng-results>
