<?xml version="1.0" encoding="UTF-8"?>
<testng-results skipped="0" failed="0" ignored="4" total="8" passed="4">
  <reporter-output>
  </reporter-output>
  <suite name="Default suite" duration-ms="196535" started-at="2019-10-31T10:46:51Z" finished-at="2019-10-31T10:50:08Z">
    <groups>
    </groups>
    <test name="Default test" duration-ms="196535" started-at="2019-10-31T10:46:51Z" finished-at="2019-10-31T10:50:08Z">
      <class name="TestPackage.ValidateSignUpPage">
        <test-method status="PASS" signature="bsuite()[pri:0, instance:TestPackage.ValidateSignUpPage@ff5b51f]" name="bsuite" is-config="true" duration-ms="780" started-at="2019-10-31T10:46:50Z" finished-at="2019-10-31T10:46:51Z">
          <reporter-output>
          </reporter-output>
        </test-method> <!-- bsuite -->
        <test-method status="PASS" signature="CheckHomePage()[pri:0, instance:TestPackage.ValidateSignUpPage@ff5b51f]" name="CheckHomePage" duration-ms="28718" started-at="2019-10-31T10:48:01Z" finished-at="2019-10-31T10:48:30Z">
          <reporter-output>
          </reporter-output>
        </test-method> <!-- CheckHomePage -->
      </class> <!-- TestPackage.ValidateSignUpPage -->
      <class name="TestPackage.ValidateCarSearch">
        <test-method status="PASS" signature="CheckCarSearch()[pri:0, instance:TestPackage.ValidateCarSearch@25bbe1b6]" name="CheckCarSearch" duration-ms="45021" started-at="2019-10-31T10:48:30Z" finished-at="2019-10-31T10:49:15Z">
          <reporter-output>
          </reporter-output>
        </test-method> <!-- CheckCarSearch -->
      </class> <!-- TestPackage.ValidateCarSearch -->
      <class name="TestPackage.ValidateCarBookingAsGuest">
        <test-method status="PASS" signature="preConditions()[pri:0, instance:TestPackage.ValidateCarBookingAsGuest@5702b3b1]" name="preConditions" is-config="true" duration-ms="9995" started-at="2019-10-31T10:46:51Z" finished-at="2019-10-31T10:47:01Z">
          <reporter-output>
          </reporter-output>
        </test-method> <!-- preConditions -->
        <test-method status="PASS" signature="preConditions()[pri:0, instance:TestPackage.ValidateCarSearch@25bbe1b6]" name="preConditions" is-config="true" duration-ms="10555" started-at="2019-10-31T10:47:01Z" finished-at="2019-10-31T10:47:12Z">
          <reporter-output>
          </reporter-output>
        </test-method> <!-- preConditions -->
        <test-method status="PASS" signature="preConditions()[pri:0, instance:TestPackage.ValidateLoginPage@69ea3742]" name="preConditions" is-config="true" duration-ms="19374" started-at="2019-10-31T10:47:12Z" finished-at="2019-10-31T10:47:31Z">
          <reporter-output>
          </reporter-output>
        </test-method> <!-- preConditions -->
        <test-method status="PASS" signature="preConditions()[pri:0, instance:TestPackage.ValidateSignUpPage@ff5b51f]" name="preConditions" is-config="true" duration-ms="29448" started-at="2019-10-31T10:47:31Z" finished-at="2019-10-31T10:48:00Z">
          <reporter-output>
          </reporter-output>
        </test-method> <!-- preConditions -->
        <test-method status="PASS" signature="BookAsGuest()[pri:0, instance:TestPackage.ValidateCarBookingAsGuest@5702b3b1]" name="BookAsGuest" duration-ms="30878" started-at="2019-10-31T10:49:15Z" finished-at="2019-10-31T10:49:46Z">
          <reporter-output>
          </reporter-output>
        </test-method> <!-- BookAsGuest -->
      </class> <!-- TestPackage.ValidateCarBookingAsGuest -->
      <class name="TestPackage.ValidateLoginPage">
        <test-method status="PASS" signature="CheckHomePage()[pri:0, instance:TestPackage.ValidateLoginPage@69ea3742]" name="CheckHomePage" duration-ms="21597" started-at="2019-10-31T10:49:46Z" finished-at="2019-10-31T10:50:08Z">
          <reporter-output>
          </reporter-output>
        </test-method> <!-- CheckHomePage -->
      </class> <!-- TestPackage.ValidateLoginPage -->
    </test> <!-- Default test -->
  </suite> <!-- Default suite -->
</testng-results>
